


ARM Macro Assembler    Page 1 


    1 00000000                 AREA             ARMex, CODE, READONLY
    2 00000000                 ENTRY
    3 00000000         start
    4 00000000 E59F0100        LDR              r0,floating_point01
    5 00000004 E59F1100        LDR              r1,floating_point02
    6 00000008         
    7 00000008 E1A02FA0        MOV              r2,r0,LSR#31
    8 0000000C         ; sign bit1
    9 0000000C         
   10 0000000C E1A03080        MOV              r3,r0,LSL#1
   11 00000010 E1A03C23        MOV              r3,r3,LSR#24
   12 00000014         ; exponent1
   13 00000014         
   14 00000014 E1A04480        MOV              r4,r0,LSL#9
   15 00000018 E1A044A4        MOV              r4,r4,LSR#9
   16 0000001C E2844502        ADD              r4,r4,#0x00800000
   17 00000020         ; mantissa1
   18 00000020         
   19 00000020 E1A05FA1        MOV              r5,r1,LSR#31
   20 00000024         ; sign bit2
   21 00000024         
   22 00000024 E1A06081        MOV              r6,r1,LSL#1
   23 00000028 E1A06C26        MOV              r6,r6,LSR#24
   24 0000002C         ; exponent2
   25 0000002C         
   26 0000002C E1A07481        MOV              r7,r1,LSL#9
   27 00000030 E1A074A7        MOV              r7,r7,LSR#9
   28 00000034 E2877502        ADD              r7,r7,#0x00800000
   29 00000038         ; mantissa2
   30 00000038         
   31 00000038 E1520005        CMP              r2,r5
   32 0000003C 0A000000        BEQ              float_addition
   33 00000040 1A000014        BNE              float_subtraction
   34 00000044         
   35 00000044         float_addition
   36 00000044 E1530006        CMP              r3,r6
   37 00000048 B0468003        SUBLT            r8,r6,r3
   38 0000004C C0438006        SUBGT            r8,r3,r6
   39 00000050 B1A04834        MOVLT            r4,r4,LSR r8
   40 00000054 C1A07837        MOVGT            r7,r7,LSR r8
   41 00000058         
   42 00000058 E0849007        ADD              r9,r4,r7
   43 0000005C E1A0ABA9        MOV              r10,r9,LSR#23
   44 00000060         
   45 00000060 E35A0001        CMP              r10,#1
   46 00000064         
   47 00000064 C2888001        ADDGT            r8,r8,#1
   48 00000068 C1A090A9        MOVGT            r9,r9,LSR#1
   49 0000006C         
   50 0000006C B2488001        SUBLT            r8,r8,#1
   51 00000070 B1A09089        MOVLT            r9,r9,LSL#1
   52 00000074         
   53 00000074 E2499502        SUB              r9,r9,#0x00800000
   54 00000078         
   55 00000078 E1530006        CMP              r3,r6
   56 0000007C A0835008        ADDGE            r5,r3,r8
   57 00000080 B0865008        ADDLT            r5,r6,r8
   58 00000084 E1A06402        MOV              r6,r2,LSL#8
   59 00000088 E0855002        ADD              r5,r5,r2



ARM Macro Assembler    Page 2 


   60 0000008C E1A05B85        MOV              r5,r5,LSL#23
   61 00000090 E0855009        ADD              r5,r5,r9
   62 00000094         
   63 00000094 EA000018        B                str_state
   64 00000098         
   65 00000098         float_subtraction
   66 00000098 E1530006        CMP              r3,r6
   67 0000009C B0468003        SUBLT            r8,r6,r3
   68 000000A0 C0438006        SUBGT            r8,r3,r6
   69 000000A4 B1A04834        MOVLT            r4,r4,LSR r8
   70 000000A8 C1A07837        MOVGT            r7,r7,LSR r8
   71 000000AC         
   72 000000AC E1540007        CMP              r4,r7
   73 000000B0 B0479004        SUBLT            r9,r7,r4
   74 000000B4 C0449007        SUBGT            r9,r4,r7
   75 000000B8         
   76 000000B8 E1A0ABA9        MOV              r10,r9,LSR#23
   77 000000BC         
   78 000000BC E35A0001        CMP              r10,#1
   79 000000C0         
   80 000000C0 C2888001        ADDGT            r8,r8,#1
   81 000000C4 C1A090A9        MOVGT            r9,r9,LSR#1
   82 000000C8         
   83 000000C8 B2488001        SUBLT            r8,r8,#1
   84 000000CC B1A09089        MOVLT            r9,r9,LSL#1
   85 000000D0         
   86 000000D0 E2499502        SUB              r9,r9,#0x00800000
   87 000000D4         
   88 000000D4         
   89 000000D4 E1540007        CMP              r4,r7
   90 000000D8 C1A05402        MOVGT            r5,r2,LSL#8
   91 000000DC B1A05405        MOVLT            r5,r5,LSL#8
   92 000000E0 E1530006        CMP              r3,r6
   93 000000E4 C0832008        ADDGT            r2,r3,r8
   94 000000E8 D0862008        ADDLE            r2,r6,r8
   95 000000EC E0855002        ADD              r5,r5,r2
   96 000000F0 E1A05B85        MOV              r5,r5,LSL#23
   97 000000F4 E0855009        ADD              r5,r5,r9
   98 000000F8         
   99 000000F8 EAFFFFFF        B                str_state
  100 000000FC         
  101 000000FC         str_state
  102 000000FC E59F000C        LDR              r0,TEMPADDR
  103 00000100 E5805000        STR              r5,[r0]
  104 00000104 E1A0F00E        MOV              pc,lr
  105 00000108         
  106 00000108         
  107 00000108 42680000 
                       floating_point01
                               &                0x42680000  ; 58(DEC) = 3A(HEX)
                                                            
  108 0000010C         ;floating_point01 & 0xC2680000 ; -58(DEC) = FFFF FFFF FF
                       FF FFC6(HEX)
  109 0000010C         ;floating_point02 & 0x42280000 ; 42(DEC) = 2A(HEX)
  110 0000010C C2280000 
                       floating_point02
                               &                0xC2280000  ; -42(DEC) = FFFF F
                                                            FFF FFFF FFD6(HEX)
  111 00000110         



ARM Macro Assembler    Page 3 


  112 00000110 40000000 
                       TEMPADDR
                               &                &40000000
  113 00000114         
  114 00000114                 END
Command Line: --debug --xref --diag_suppress=9931 --cpu=ARM9E --apcs=interwork 
--depend=.\objects\week7_04.d -o.\objects\week7_04.o -IC:\Keil_v5\ARM\RV31\INC 
--predefine="__EVAL SETA 1" --predefine="__UVISION_VERSION SETA 538" --list=.\l
istings\week7_04.lst week7_04.s



ARM Macro Assembler    Page 1 Alphabetic symbol ordering
Relocatable symbols

ARMex 00000000

Symbol: ARMex
   Definitions
      At line 1 in file week7_04.s
   Uses
      None
Comment: ARMex unused
TEMPADDR 00000110

Symbol: TEMPADDR
   Definitions
      At line 112 in file week7_04.s
   Uses
      At line 102 in file week7_04.s
Comment: TEMPADDR used once
float_addition 00000044

Symbol: float_addition
   Definitions
      At line 35 in file week7_04.s
   Uses
      At line 32 in file week7_04.s
Comment: float_addition used once
float_subtraction 00000098

Symbol: float_subtraction
   Definitions
      At line 65 in file week7_04.s
   Uses
      At line 33 in file week7_04.s
Comment: float_subtraction used once
floating_point01 00000108

Symbol: floating_point01
   Definitions
      At line 107 in file week7_04.s
   Uses
      At line 4 in file week7_04.s
Comment: floating_point01 used once
floating_point02 0000010C

Symbol: floating_point02
   Definitions
      At line 110 in file week7_04.s
   Uses
      At line 5 in file week7_04.s
Comment: floating_point02 used once
start 00000000

Symbol: start
   Definitions
      At line 3 in file week7_04.s
   Uses
      None
Comment: start unused
str_state 000000FC

Symbol: str_state



ARM Macro Assembler    Page 2 Alphabetic symbol ordering
Relocatable symbols

   Definitions
      At line 101 in file week7_04.s
   Uses
      At line 63 in file week7_04.s
      At line 99 in file week7_04.s

8 symbols
340 symbols in table
