


ARM Macro Assembler    Page 1 


    1 00000000                 AREA             ARMex, CODE, READONLY
    2 00000000                 ENTRY
    3 00000000         start
    4 00000000 E59F006C        LDR              r0,TEMPADDR
    5 00000004 E3A01001        MOV              r1,#1
    6 00000008 E3A02002        MOV              r2,#2
    7 0000000C E3A03003        MOV              r3,#3
    8 00000010 E3A04004        MOV              r4,#4
    9 00000014 E3A05005        MOV              r5,#5
   10 00000018 E3A06006        MOV              r6,#6
   11 0000001C E3A07007        MOV              r7,#7
   12 00000020 E3A08008        MOV              r8,#8
   13 00000024 E3A09009        MOV              r9,#9
   14 00000028 E3A0A00A        MOV              r10,#10
   15 0000002C         
   16 0000002C E4801004        STR              r1,[r0],#4
   17 00000030         ; 1! = 1
   18 00000030         
   19 00000030 E4802004        STR              r2,[r0],#4
   20 00000034         ; 2! = 2
   21 00000034         
   22 00000034 E0030392        MUL              r3, r2, r3
   23 00000038 E4803004        STR              r3,[r0],#4
   24 0000003C         ; 3! = 3 x 2!
   25 0000003C         
   26 0000003C E0040493        MUL              r4,r3,r4
   27 00000040 E4804004        STR              r4,[r0],#4
   28 00000044         ; 4! = 4 x 3!
   29 00000044         
   30 00000044 E0050594        MUL              r5,r4,r5
   31 00000048 E4805004        STR              r5,[r0],#4
   32 0000004C         ; 5! = 5 x 4!
   33 0000004C         
   34 0000004C E0060695        MUL              r6,r5,r6
   35 00000050 E4806004        STR              r6,[r0],#4
   36 00000054         ; 6! = 6 x 5!
   37 00000054         
   38 00000054 E0070796        MUL              r7,r6,r7
   39 00000058 E4807004        STR              r7,[r0],#4
   40 0000005C         ; 7! = 7 x 6!
   41 0000005C         
   42 0000005C E0080897        MUL              r8,r7,r8
   43 00000060 E4808004        STR              r8,[r0],#4
   44 00000064         ; 8! = 8 x 7!
   45 00000064         
   46 00000064 E0090998        MUL              r9,r8,r9
   47 00000068 E4809004        STR              r9,[r0],#4
   48 0000006C         ; 9! = 9 x 8!
   49 0000006C         
   50 0000006C E00A0A99        MUL              r10,r9,r10
   51 00000070 E480A004        STR              r10,[r0],#4
   52 00000074         ; 10! = 10 x 9!
   53 00000074         
   54 00000074 40000000 
                       TEMPADDR
                               &                &40000000
   55 00000078         
   56 00000078                 END
Command Line: --debug --xref --diag_suppress=9931 --cpu=ARM9E --apcs=interwork 



ARM Macro Assembler    Page 2 


--depend=.\objects\week7_02.d -o.\objects\week7_02.o -IC:\Keil_v5\ARM\RV31\INC 
--predefine="__EVAL SETA 1" --predefine="__UVISION_VERSION SETA 538" --list=.\l
istings\week7_02.lst week7_02.s



ARM Macro Assembler    Page 1 Alphabetic symbol ordering
Relocatable symbols

ARMex 00000000

Symbol: ARMex
   Definitions
      At line 1 in file week7_02.s
   Uses
      None
Comment: ARMex unused
TEMPADDR 00000074

Symbol: TEMPADDR
   Definitions
      At line 54 in file week7_02.s
   Uses
      At line 4 in file week7_02.s
Comment: TEMPADDR used once
start 00000000

Symbol: start
   Definitions
      At line 3 in file week7_02.s
   Uses
      None
Comment: start unused
3 symbols
335 symbols in table
