


ARM Macro Assembler    Page 1 


    1 00000000                 AREA             ARMex, CODE, READONLY
    2 00000000                 ENTRY
    3 00000000         start
    4 00000000 E59F0068        LDR              r0,TEMPADDR
    5 00000004         
    6 00000004 E3A01001        MOV              r1,#1
    7 00000008         ; 1! = 1
    8 00000008         
    9 00000008 E1A02081        MOV              r2,r1,LSL#1
   10 0000000C         ; 2! = 2x1 = 2
   11 0000000C         
   12 0000000C E1A03082        MOV              r3,r2,LSL#1
   13 00000010 E0833002        ADD              r3,r3,r2
   14 00000014         ; 3! = (2!)x2 + 2! = 3x2x1 = 6
   15 00000014         
   16 00000014 E1A04103        MOV              r4,r3,LSL#2
   17 00000018         ; 4! = (3!)x4 = 4x3x2x1 = 24(DEC) = 18(HEX)
   18 00000018         
   19 00000018 E1A05104        MOV              r5,r4,LSL#2
   20 0000001C E0855004        ADD              r5,r5,r4
   21 00000020         ; 5! = (4!)x4 + 4! = 5x4x3x2x1 = 120(DEC) = 78(HEX)
   22 00000020         
   23 00000020 E1A06105        MOV              r6,r5,LSL#2
   24 00000024 E0866085        ADD              r6,r6,r5,LSL#1
   25 00000028         ; 6! = (5!)x4 + (5!)x2 = 6x5x4x3x2x1 = 720(DEC) = 2D0(HE
                       X)
   26 00000028         
   27 00000028 E1A07106        MOV              r7,r6,LSL#2
   28 0000002C E0877086        ADD              r7,r7,r6,LSL#1
   29 00000030 E0877006        ADD              r7,r7,r6
   30 00000034         ; 7! = (6!)x4 + (6!)x2 + 6! = 7x6x5x4x3x2x1 = 5040(DEC) 
                       = 13B0(HEX)
   31 00000034         
   32 00000034 E1A08187        MOV              r8,r7,LSL#3
   33 00000038         ; 8! = (7!)x8 = 8x7x6x5x4x3x2x1 = 40320(DEC) = 9D80(HEX)
                       
   34 00000038         
   35 00000038 E1A09188        MOV              r9,r8,LSL#3
   36 0000003C E0899008        ADD              r9,r9,r8
   37 00000040         ; 9! = (8!)x8 + 8! = 9x8x7x6x5x4x3x2x1 = 362880(DEC) = 5
                       8980(HEX)
   38 00000040         
   39 00000040 E1A0A189        MOV              r10,r9,LSL#3
   40 00000044 E08AA089        ADD              r10,r10,r9,LSL#1
   41 00000048         ; 10! = (9!)x8 + (9!)x2 = 10x9x8x7x6x5x4x3x2x1 = 3628800
                       (DEC) = 375F00(HEX)
   42 00000048         
   43 00000048 E4801004        STR              r1,[r0],#4
   44 0000004C E4802004        STR              r2,[r0],#4
   45 00000050 E4803004        STR              r3,[r0],#4
   46 00000054 E4804004        STR              r4,[r0],#4
   47 00000058 E4805004        STR              r5,[r0],#4
   48 0000005C E4806004        STR              r6,[r0],#4
   49 00000060 E4807004        STR              r7,[r0],#4
   50 00000064 E4808004        STR              r8,[r0],#4
   51 00000068 E4809004        STR              r9,[r0],#4
   52 0000006C E580A000        STR              r10,[r0]
   53 00000070         
   54 00000070 40000000 



ARM Macro Assembler    Page 2 


                       TEMPADDR
                               &                &40000000
   55 00000074         
   56 00000074                 END
Command Line: --debug --xref --diag_suppress=9931 --cpu=ARM9E --apcs=interwork 
--depend=.\objects\week7_01.d -o.\objects\week7_01.o -IC:\Keil_v5\ARM\RV31\INC 
--predefine="__EVAL SETA 1" --predefine="__UVISION_VERSION SETA 538" --list=.\l
istings\week7_01.lst week7_01.s



ARM Macro Assembler    Page 1 Alphabetic symbol ordering
Relocatable symbols

ARMex 00000000

Symbol: ARMex
   Definitions
      At line 1 in file week7_01.s
   Uses
      None
Comment: ARMex unused
TEMPADDR 00000070

Symbol: TEMPADDR
   Definitions
      At line 54 in file week7_01.s
   Uses
      At line 4 in file week7_01.s
Comment: TEMPADDR used once
start 00000000

Symbol: start
   Definitions
      At line 3 in file week7_01.s
   Uses
      None
Comment: start unused
3 symbols
335 symbols in table
